0 info it worked if it ends with ok
1 verbose cli [ 'C:\\Program Files (x86)\\nodejs\\node.exe',
1 verbose cli   'C:\\Program Files (x86)\\nodejs\\node_modules\\npm\\bin\\npm-cli.js',
1 verbose cli   'run',
1 verbose cli   'test' ]
2 info using npm@3.10.10
3 info using node@v6.10.1
4 verbose run-script [ 'pretest', 'test', 'posttest' ]
5 info lifecycle while@0.1.0~pretest: while@0.1.0
6 silly lifecycle while@0.1.0~pretest: no script for pretest, continuing
7 info lifecycle while@0.1.0~test: while@0.1.0
8 verbose lifecycle while@0.1.0~test: unsafe-perm in lifecycle true
9 verbose lifecycle while@0.1.0~test: PATH: C:\Program Files (x86)\nodejs\node_modules\npm\bin\node-gyp-bin;C:\Users\Daniel Vega\Documents\quaero-lang\node_modules\.bin;C:\ProgramData\Oracle\Java\javapath;C:\Program Files (x86)\Intel\iCLS Client\;C:\Program Files\Intel\iCLS Client\;C:\Windows\system32;C:\Windows;C:\Windows\System32\Wbem;C:\Windows\System32\WindowsPowerShell\v1.0\;C:\Program Files (x86)\NVIDIA Corporation\PhysX\Common;C:\Program Files (x86)\Intel\Intel(R) Management Engine Components\DAL;C:\Program Files\Intel\Intel(R) Management Engine Components\DAL;C:\Program Files (x86)\Intel\Intel(R) Management Engine Components\IPT;C:\Program Files\Intel\Intel(R) Management Engine Components\IPT;C:\Program Files\Intel\WiFi\bin\;C:\Program Files\Common Files\Intel\WirelessCommon\;C:\WINDOWS\system32\config\systemprofile\.dnx\bin;C:\Program Files\Microsoft DNX\Dnvm\;C:\Program Files\Microsoft SQL Server\120\Tools\Binn\;C:\Program Files\Microsoft SQL Server\130\Tools\Binn\;C:\Program Files (x86)\Windows Kits\10\Windows Performance Toolkit\;C:\Program Files\Microsoft SQL Server\Client SDK\ODBC\130\Tools\Binn\;C:\Program Files (x86)\Microsoft SQL Server\130\Tools\Binn\;C:\Program Files\Microsoft SQL Server\130\DTS\Binn\;C:\Program Files (x86)\Microsoft SQL Server\Client SDK\ODBC\130\Tools\Binn\;C:\Program Files (x86)\Microsoft SQL Server\130\DTS\Binn\;C:\Program Files (x86)\Microsoft SQL Server\130\Tools\Binn\ManagementStudio\;C:\WINDOWS\system32;C:\WINDOWS;C:\WINDOWS\System32\Wbem;C:\WINDOWS\System32\WindowsPowerShell\v1.0\;C:\Program Files\Git\cmd;C:\Program Files (x86)\nodejs\;C:\Program Files (x86)\Google\Google Apps Migration\;C:\Users\Daniel Vega\AppData\Local\Microsoft\WindowsApps;C:\Users\Daniel Vega\AppData\Roaming\npm;C:\Users\Daniel Vega\AppData\Local\atom\bin;C:\Users\Daniel Vega\AppData\Local\Programs\Fiddler
10 verbose lifecycle while@0.1.0~test: CWD: C:\Users\Daniel Vega\Documents\quaero-lang
11 silly lifecycle while@0.1.0~test: Args: [ '/d /s /c', 'mocha || true' ]
12 silly lifecycle while@0.1.0~test: Returned: code: 1  signal: null
13 info lifecycle while@0.1.0~test: Failed to exec test script
14 verbose stack Error: while@0.1.0 test: `mocha || true`
14 verbose stack Exit status 1
14 verbose stack     at EventEmitter.<anonymous> (C:\Program Files (x86)\nodejs\node_modules\npm\lib\utils\lifecycle.js:255:16)
14 verbose stack     at emitTwo (events.js:106:13)
14 verbose stack     at EventEmitter.emit (events.js:191:7)
14 verbose stack     at ChildProcess.<anonymous> (C:\Program Files (x86)\nodejs\node_modules\npm\lib\utils\spawn.js:40:14)
14 verbose stack     at emitTwo (events.js:106:13)
14 verbose stack     at ChildProcess.emit (events.js:191:7)
14 verbose stack     at maybeClose (internal/child_process.js:886:16)
14 verbose stack     at Process.ChildProcess._handle.onexit (internal/child_process.js:226:5)
15 verbose pkgid while@0.1.0
16 verbose cwd C:\Users\Daniel Vega\Documents\quaero-lang
17 error Windows_NT 10.0.15063
18 error argv "C:\\Program Files (x86)\\nodejs\\node.exe" "C:\\Program Files (x86)\\nodejs\\node_modules\\npm\\bin\\npm-cli.js" "run" "test"
19 error node v6.10.1
20 error npm  v3.10.10
21 error code ELIFECYCLE
22 error while@0.1.0 test: `mocha || true`
22 error Exit status 1
23 error Failed at the while@0.1.0 test script 'mocha || true'.
23 error Make sure you have the latest version of node.js and npm installed.
23 error If you do, this is most likely a problem with the while package,
23 error not with npm itself.
23 error Tell the author that this fails on your system:
23 error     mocha || true
23 error You can get information on how to open an issue for this project with:
23 error     npm bugs while
23 error Or if that isn't available, you can get their info via:
23 error     npm owner ls while
23 error There is likely additional logging output above.
24 verbose exit [ 1, true ]
